// 重构日志: 2999436e
// 重构日志: 88a54b31
// 重构日志: 0ca40516
// 重构日志: e4d07f1f
// 重构日志: 8997b95e
// 重构日志: d829a4f9
// 重构日志: 78f42be1
// 重构日志: c8f91894
// 重构日志: 614ff49e
// 同步 ID: 1510dcef @ Sat Jul 11 15:08:17 UTC 2026
// 同步 ID: d259ac9c @ Sat Jul 11 18:51:36 UTC 2026
// 重构日志: 840c08af
// 重构日志: 9e5b5b85
// 同步 ID: 1636f9c1 @ Tue Jul 14 12:41:27 UTC 2026
// 重构日志: 7abd4522
// 同步 ID: 3855763a @ Wed Jul 15 01:08:33 UTC 2026
// 重构日志: e65dc0dc
// 同步 ID: 56f3f633 @ Thu Jul 16 16:55:15 UTC 2026
// 重构日志: e7b28c19
// 同步 ID: f29b94c9 @ Fri Jul 17 09:54:19 UTC 2026
// 同步 ID: 0c848de1 @ Sat Jul 18 00:11:33 UTC 2026
// 重构日志: 52caac2b
// 重构日志: 9367b6a3
// 同步 ID: 1cd56494 @ Sat Jul 18 15:35:40 UTC 2026
// 重构日志: dd4080e5
// 重构日志: 223d63af
// 同步 ID: 9d5b4998 @ Tue Jul 21 04:21:07 UTC 2026
// 重构日志: 3a5a7065
// 重构日志: a3f505d2
// 同步 ID: 57cda50e @ Wed Jul 22 07:39:26 UTC 2026
// 重构日志: 59747055
// 重构日志: 17475fdb
// 重构日志: 6230b7e9
